2025-07-14 14:08:42,966 - INFO - agents.agent_registry - Loaded agent configurations from agent_configs.json
2025-07-14 14:08:42,967 - INFO - __main__ - Starting BHIV Core demo pipeline
2025-07-14 14:08:42,967 - INFO - agents.agent_registry - Selected agent edumentor_agent for keywords ['summarize']
2025-07-14 14:08:43,155 - ERROR - agents.stream_transformer_agent - Error extracting PDF text: [Errno 2] No such file or directory: 'test.pdf'
2025-07-14 14:08:47,227 - ERROR - __main__ - Error in pipeline: HTTPConnectionPool(host='localhost', port=8001): Max retries exceeded with url: /edumentor (Caused by NewConnectionError('<urllib3.connection.HTTPConnection object at 0x0000029C1E208D10>: Failed to establish a new connection: [WinError 10061] No connection could be made because the target machine actively refused it'))
2025-07-14 14:11:51,759 - INFO - agents.agent_registry - Loaded agent configurations from agent_configs.json
2025-07-14 14:12:21,201 - INFO - __main__ - [MCP_BRIDGE] Task ID: f891d446-94cf-48cc-a21c-c9b5b6141e1a | Agent: 'edumentor_agent' | Input: Sample content
2025-07-14 14:12:25,300 - ERROR - __main__ - [MCP_BRIDGE] Task ID: f891d446-94cf-48cc-a21c-c9b5b6141e1a | Agent 'edumentor_agent' failed: HTTPConnectionPool(host='localhost', port=8001): Max retries exceeded with url: /edumentor (Caused by NewConnectionError('<urllib3.connection.HTTPConnection object at 0x000001C338679810>: Failed to establish a new connection: [WinError 10061] No connection could be made because the target machine actively refused it'))
2025-07-14 14:12:25,301 - INFO - __main__ - CLI task result: {'status': 'error', 'task_id': 'f891d446-94cf-48cc-a21c-c9b5b6141e1a', 'agent_output': None, 'message': "HTTPConnectionPool(host='localhost', port=8001): Max retries exceeded with url: /edumentor (Caused by NewConnectionError('<urllib3.connection.HTTPConnection object at 0x000001C338679810>: Failed to establish a new connection: [WinError 10061] No connection could be made because the target machine actively refused it'))"}
2025-07-14 14:13:41,360 - INFO - __main__ - [MCP_BRIDGE] Task ID: c362488d-a4aa-4a68-b2b6-2599906c8c8b | Agent: 'edumentor_agent' | Input: Sample content
2025-07-14 14:13:45,421 - ERROR - __main__ - [MCP_BRIDGE] Task ID: c362488d-a4aa-4a68-b2b6-2599906c8c8b | Agent 'edumentor_agent' failed: HTTPConnectionPool(host='localhost', port=8001): Max retries exceeded with url: /edumentor (Caused by NewConnectionError('<urllib3.connection.HTTPConnection object at 0x000001C33867D690>: Failed to establish a new connection: [WinError 10061] No connection could be made because the target machine actively refused it'))
2025-07-14 14:13:45,422 - INFO - __main__ - CLI task result: {'status': 'error', 'task_id': 'c362488d-a4aa-4a68-b2b6-2599906c8c8b', 'agent_output': None, 'message': "HTTPConnectionPool(host='localhost', port=8001): Max retries exceeded with url: /edumentor (Caused by NewConnectionError('<urllib3.connection.HTTPConnection object at 0x000001C33867D690>: Failed to establish a new connection: [WinError 10061] No connection could be made because the target machine actively refused it'))"}
2025-07-14 14:14:59,607 - INFO - __main__ - [MCP_BRIDGE] Task ID: 0f159548-03f8-4a10-a3a8-fd722345c47d | Agent: 'edumentor_agent' | Input: Sample content
2025-07-14 14:15:03,694 - ERROR - __main__ - [MCP_BRIDGE] Task ID: 0f159548-03f8-4a10-a3a8-fd722345c47d | Agent 'edumentor_agent' failed: HTTPConnectionPool(host='localhost', port=8001): Max retries exceeded with url: /edumentor (Caused by NewConnectionError('<urllib3.connection.HTTPConnection object at 0x000001C338689210>: Failed to establish a new connection: [WinError 10061] No connection could be made because the target machine actively refused it'))
2025-07-14 14:15:03,695 - INFO - __main__ - CLI task result: {'status': 'error', 'task_id': '0f159548-03f8-4a10-a3a8-fd722345c47d', 'agent_output': None, 'message': "HTTPConnectionPool(host='localhost', port=8001): Max retries exceeded with url: /edumentor (Caused by NewConnectionError('<urllib3.connection.HTTPConnection object at 0x000001C338689210>: Failed to establish a new connection: [WinError 10061] No connection could be made because the target machine actively refused it'))"}
2025-07-14 14:17:03,673 - INFO - __main__ - [MCP_BRIDGE] Task ID: 0e899b7a-e99c-49ff-814a-2a14cae00205 | Agent: 'edumentor_agent' | Input: Give me a proper plan for studying
2025-07-14 14:17:07,714 - ERROR - __main__ - [MCP_BRIDGE] Task ID: 0e899b7a-e99c-49ff-814a-2a14cae00205 | Agent 'edumentor_agent' failed: HTTPConnectionPool(host='localhost', port=8001): Max retries exceeded with url: /edumentor (Caused by NewConnectionError('<urllib3.connection.HTTPConnection object at 0x000001C338698E10>: Failed to establish a new connection: [WinError 10061] No connection could be made because the target machine actively refused it'))
2025-07-14 14:17:07,716 - INFO - __main__ - CLI task result: {'status': 'error', 'task_id': '0e899b7a-e99c-49ff-814a-2a14cae00205', 'agent_output': None, 'message': "HTTPConnectionPool(host='localhost', port=8001): Max retries exceeded with url: /edumentor (Caused by NewConnectionError('<urllib3.connection.HTTPConnection object at 0x000001C338698E10>: Failed to establish a new connection: [WinError 10061] No connection could be made because the target machine actively refused it'))"}
2025-07-14 14:17:51,887 - INFO - agents.agent_registry - Loaded agent configurations from agent_configs.json
2025-07-14 14:18:23,053 - WARNING - __main__ - Attempt 1/3 failed: HTTPConnectionPool(host='localhost', port=8002): Max retries exceeded with url: /handle_task (Caused by NewConnectionError('<urllib3.connection.HTTPConnection object at 0x0000015B564CD1D0>: Failed to establish a new connection: [WinError 10061] No connection could be made because the target machine actively refused it'))
2025-07-14 14:18:29,148 - WARNING - __main__ - Attempt 2/3 failed: HTTPConnectionPool(host='localhost', port=8002): Max retries exceeded with url: /handle_task (Caused by NewConnectionError('<urllib3.connection.HTTPConnection object at 0x0000015B564CFF10>: Failed to establish a new connection: [WinError 10061] No connection could be made because the target machine actively refused it'))
2025-07-14 14:18:35,239 - WARNING - __main__ - Attempt 3/3 failed: HTTPConnectionPool(host='localhost', port=8002): Max retries exceeded with url: /handle_task (Caused by NewConnectionError('<urllib3.connection.HTTPConnection object at 0x0000015B564DA710>: Failed to establish a new connection: [WinError 10061] No connection could be made because the target machine actively refused it'))
2025-07-14 14:18:35,239 - ERROR - __main__ - Error running CLI task: HTTPConnectionPool(host='localhost', port=8002): Max retries exceeded with url: /handle_task (Caused by NewConnectionError('<urllib3.connection.HTTPConnection object at 0x0000015B564DA710>: Failed to establish a new connection: [WinError 10061] No connection could be made because the target machine actively refused it'))
2025-07-14 14:19:19,590 - INFO - agents.agent_registry - Loaded agent configurations from agent_configs.json
2025-07-14 14:19:47,766 - INFO - __main__ - [MCP_BRIDGE] Task ID: 493bae47-4844-4d40-aec8-aa56e1976a1b | Agent: 'edumentor_agent' | Input: Give me a proper plan for studying
2025-07-14 14:19:51,880 - ERROR - __main__ - [MCP_BRIDGE] Task ID: 493bae47-4844-4d40-aec8-aa56e1976a1b | Agent 'edumentor_agent' failed: HTTPConnectionPool(host='localhost', port=8001): Max retries exceeded with url: /edumentor (Caused by NewConnectionError('<urllib3.connection.HTTPConnection object at 0x0000023F54259550>: Failed to establish a new connection: [WinError 10061] No connection could be made because the target machine actively refused it'))
2025-07-14 14:19:51,881 - INFO - __main__ - CLI task result: {'status': 'error', 'task_id': '493bae47-4844-4d40-aec8-aa56e1976a1b', 'agent_output': None, 'message': "HTTPConnectionPool(host='localhost', port=8001): Max retries exceeded with url: /edumentor (Caused by NewConnectionError('<urllib3.connection.HTTPConnection object at 0x0000023F54259550>: Failed to establish a new connection: [WinError 10061] No connection could be made because the target machine actively refused it'))"}
2025-07-14 14:20:59,136 - INFO - agents.agent_registry - Loaded agent configurations from agent_configs.json
2025-07-14 14:22:39,099 - INFO - agents.agent_registry - Loaded agent configurations from agent_configs.json
2025-07-14 14:26:14,044 - INFO - agents.agent_registry - Loaded agent configurations from agent_configs.json
2025-07-14 14:38:48,982 - INFO - __main__ - [MCP_BRIDGE] Task ID: a5787e8f-9229-4fd2-ac02-915030b5b8ee | Agent: 'edumentor_agent' | Input: Give me a proper plan for studying
2025-07-14 14:39:03,993 - WARNING - __main__ - Attempt 1/3 failed: HTTPConnectionPool(host='localhost', port=8002): Read timed out. (read timeout=15)
2025-07-14 14:39:06,012 - ERROR - __main__ - [MCP_BRIDGE] Task ID: a5787e8f-9229-4fd2-ac02-915030b5b8ee | Agent 'edumentor_agent' failed: HTTPConnectionPool(host='localhost', port=8001): Read timed out. (read timeout=15)
2025-07-14 14:39:08,020 - INFO - __main__ - [MCP_BRIDGE] Task ID: 45aa14ec-6ce5-485a-8a5d-c1f3157ecc1a | Agent: 'edumentor_agent' | Input: Give me a proper plan for studying
2025-07-14 14:39:23,031 - WARNING - __main__ - Attempt 2/3 failed: HTTPConnectionPool(host='localhost', port=8002): Read timed out. (read timeout=15)
2025-07-14 14:39:25,081 - ERROR - __main__ - [MCP_BRIDGE] Task ID: 45aa14ec-6ce5-485a-8a5d-c1f3157ecc1a | Agent 'edumentor_agent' failed: HTTPConnectionPool(host='localhost', port=8001): Read timed out. (read timeout=15)
2025-07-14 14:39:27,067 - INFO - __main__ - [MCP_BRIDGE] Task ID: c4fe71a8-e4ac-481c-bedd-65010307ab0f | Agent: 'edumentor_agent' | Input: Give me a proper plan for studying
2025-07-14 14:39:42,082 - WARNING - __main__ - Attempt 3/3 failed: HTTPConnectionPool(host='localhost', port=8002): Read timed out. (read timeout=15)
2025-07-14 14:39:42,082 - ERROR - __main__ - Error running CLI task: HTTPConnectionPool(host='localhost', port=8002): Read timed out. (read timeout=15)
2025-07-14 14:39:44,081 - ERROR - __main__ - [MCP_BRIDGE] Task ID: c4fe71a8-e4ac-481c-bedd-65010307ab0f | Agent 'edumentor_agent' failed: HTTPConnectionPool(host='localhost', port=8001): Read timed out. (read timeout=15)
2025-07-14 14:48:19,056 - INFO - __main__ - [MCP_BRIDGE] Task ID: aaa00fc3-bad1-47bc-8477-fcaf07ac9b74 | Agent: 'edumentor_agent' | Input: Test
2025-07-14 14:48:36,107 - ERROR - __main__ - [MCP_BRIDGE] Task ID: aaa00fc3-bad1-47bc-8477-fcaf07ac9b74 | Agent 'edumentor_agent' failed: HTTPConnectionPool(host='localhost', port=8001): Read timed out. (read timeout=15)
2025-07-14 14:50:06,732 - INFO - agents.agent_registry - Loaded agent configurations from agent_configs.json
2025-07-14 14:50:19,863 - INFO - agents.agent_registry - Loaded agent configurations from agent_configs.json
2025-07-14 14:50:49,908 - INFO - agents.agent_registry - Loaded agent configurations from agent_configs.json
2025-07-14 14:51:44,847 - WARNING - __main__ - Attempt 1/3 failed: HTTPConnectionPool(host='localhost', port=8002): Max retries exceeded with url: /handle_task (Caused by NewConnectionError('<urllib3.connection.HTTPConnection object at 0x000001AC5EDCD7D0>: Failed to establish a new connection: [WinError 10061] No connection could be made because the target machine actively refused it'))
2025-07-14 14:51:50,944 - WARNING - __main__ - Attempt 2/3 failed: HTTPConnectionPool(host='localhost', port=8002): Max retries exceeded with url: /handle_task (Caused by NewConnectionError('<urllib3.connection.HTTPConnection object at 0x000001AC5EDD4210>: Failed to establish a new connection: [WinError 10061] No connection could be made because the target machine actively refused it'))
2025-07-14 14:51:57,021 - WARNING - __main__ - Attempt 3/3 failed: HTTPConnectionPool(host='localhost', port=8002): Max retries exceeded with url: /handle_task (Caused by NewConnectionError('<urllib3.connection.HTTPConnection object at 0x000001AC5EDD6990>: Failed to establish a new connection: [WinError 10061] No connection could be made because the target machine actively refused it'))
2025-07-14 14:51:57,021 - ERROR - __main__ - Error running CLI task: HTTPConnectionPool(host='localhost', port=8002): Max retries exceeded with url: /handle_task (Caused by NewConnectionError('<urllib3.connection.HTTPConnection object at 0x000001AC5EDD6990>: Failed to establish a new connection: [WinError 10061] No connection could be made because the target machine actively refused it'))
2025-07-14 14:59:09,151 - INFO - mcp_bridge - [MCP_BRIDGE] Task ID: 1d99b5fe-373f-4470-8ef1-860396e63265 | Agent: 'edumentor' | Input: What is Goal
2025-07-14 14:59:09,152 - WARNING - mcp_bridge - [MCP_BRIDGE] Task ID: 1d99b5fe-373f-4470-8ef1-860396e63265 | Agent 'edumentor' not found.
2025-07-14 14:59:44,265 - INFO - agents.agent_registry - Loaded agent configurations from agent_configs.json
2025-07-14 15:00:46,476 - INFO - agents.agent_registry - Loaded agent configurations from agent_configs.json
2025-07-14 15:00:57,987 - INFO - mcp_bridge - [MCP_BRIDGE] Task ID: be64822d-044f-4d12-86d9-8b371803d881 | Agent: 'edumentor_agent' | Input: Give me a proper plan for studying
2025-07-14 15:01:12,991 - WARNING - __main__ - Attempt 1/3 failed: HTTPConnectionPool(host='localhost', port=8002): Read timed out. (read timeout=15)
2025-07-14 15:01:15,042 - ERROR - mcp_bridge - [MCP_BRIDGE] Task ID: be64822d-044f-4d12-86d9-8b371803d881 | Agent 'edumentor_agent' failed: HTTPConnectionPool(host='localhost', port=8001): Read timed out. (read timeout=15)
2025-07-14 15:01:17,055 - INFO - mcp_bridge - [MCP_BRIDGE] Task ID: a976e64e-318d-4824-97e0-52dcd23ebe49 | Agent: 'edumentor_agent' | Input: Give me a proper plan for studying
2025-07-14 15:01:32,062 - WARNING - __main__ - Attempt 2/3 failed: HTTPConnectionPool(host='localhost', port=8002): Read timed out. (read timeout=15)
2025-07-14 15:01:34,129 - ERROR - mcp_bridge - [MCP_BRIDGE] Task ID: a976e64e-318d-4824-97e0-52dcd23ebe49 | Agent 'edumentor_agent' failed: HTTPConnectionPool(host='localhost', port=8001): Read timed out. (read timeout=15)
2025-07-14 15:01:36,120 - INFO - mcp_bridge - [MCP_BRIDGE] Task ID: 66ae942d-5b5f-476a-88df-1796458fb585 | Agent: 'edumentor_agent' | Input: Give me a proper plan for studying
2025-07-14 15:01:51,124 - WARNING - __main__ - Attempt 3/3 failed: HTTPConnectionPool(host='localhost', port=8002): Read timed out. (read timeout=15)
2025-07-14 15:01:51,124 - ERROR - __main__ - Error running CLI task: HTTPConnectionPool(host='localhost', port=8002): Read timed out. (read timeout=15)
2025-07-14 15:01:53,174 - ERROR - mcp_bridge - [MCP_BRIDGE] Task ID: 66ae942d-5b5f-476a-88df-1796458fb585 | Agent 'edumentor_agent' failed: HTTPConnectionPool(host='localhost', port=8001): Read timed out. (read timeout=15)
2025-07-14 15:03:58,712 - INFO - mcp_bridge - [MCP_BRIDGE] Task ID: ef1c2daa-2a36-42cd-a765-d1aa365a3e46 | Agent: 'edumentor_agent' | Input: Give me a proper plan for studying
2025-07-14 15:06:41,447 - INFO - agents.agent_registry - Loaded agent configurations from agent_configs.json
2025-07-14 16:30:42,192 - INFO - agents.agent_registry - Loaded agent configurations from agent_configs.json
2025-07-14 16:30:52,108 - INFO - mcp_bridge - [MCP_BRIDGE] Task ID: 648bdd31-9b17-4952-9b5b-f0c87d79cc1c | Agent: 'edumentor_agent' | Input: Give me a proper plan for studying
2025-07-14 16:30:54,276 - INFO - mcp_bridge - [MCP_BRIDGE] Task ID: 648bdd31-9b17-4952-9b5b-f0c87d79cc1c | Agent 'edumentor_agent' executed successfully.
2025-07-14 16:30:54,277 - INFO - __main__ - CLI task result: {'status': 'success', 'task_id': '648bdd31-9b17-4952-9b5b-f0c87d79cc1c', 'agent_output': {'query_id': '56308af1-ac2a-4867-9dee-dc0321ab9f35', 'query': 'Give me a proper plan for studying', 'response': "Great question about 'Give me a proper plan for studying'! This is an important topic to understand. Let me break it down for you in simple terms with practical examples that will help you learn and remember the key concepts. The main idea is to understand the fundamental principles and how they apply in real-world situations.", 'sources': [], 'timestamp': '2025-07-14T16:30:54.275367', 'endpoint': 'edumentor'}, 'message': None}
2025-07-14 16:31:41,349 - INFO - mcp_bridge - [MCP_BRIDGE] Task ID: 974fe7f5-41a9-4fb8-9689-f4c07015697a | Agent: 'vedas_agent' | Input: What is meant by buddhi
2025-07-14 16:31:43,477 - INFO - mcp_bridge - [MCP_BRIDGE] Task ID: 974fe7f5-41a9-4fb8-9689-f4c07015697a | Agent 'vedas_agent' executed successfully.
2025-07-14 16:31:43,478 - INFO - __main__ - CLI task result: {'status': 'success', 'task_id': '974fe7f5-41a9-4fb8-9689-f4c07015697a', 'agent_output': {'query_id': '4b487cdb-6e51-40ab-a164-c5e78a6b9563', 'query': 'What is meant by buddhi', 'response': "The ancient Vedic texts teach us to seek truth through self-reflection and righteous action. Regarding 'What is meant by buddhi', remember that true wisdom comes from understanding the interconnectedness of all existence. Practice mindfulness, act with compassion, and seek the divine within yourself.", 'sources': [], 'timestamp': '2025-07-14T16:31:43.476645', 'endpoint': 'ask-vedas'}, 'message': None}
2025-07-14 16:41:00,089 - INFO - mcp_bridge - [MCP_BRIDGE] Task ID: 6652198c-70df-495b-bf26-a0ff13022d8e | Agent: 'edumentor_agent' | Input: Explain the basics of machine learning
2025-07-14 16:41:02,210 - INFO - mcp_bridge - [MCP_BRIDGE] Task ID: 6652198c-70df-495b-bf26-a0ff13022d8e | Agent 'edumentor_agent' executed successfully.
2025-07-14 16:41:02,211 - INFO - __main__ - CLI task result: {'status': 'success', 'task_id': '6652198c-70df-495b-bf26-a0ff13022d8e', 'agent_output': {'query_id': 'a2aaf2f2-c157-470c-a98e-86387a98fae5', 'query': 'Explain the basics of machine learning', 'response': "Great question about 'Explain the basics of machine learning'! This is an important topic to understand. Let me break it down for you in simple terms with practical examples that will help you learn and remember the key concepts. The main idea is to understand the fundamental principles and how they apply in real-world situations.", 'sources': [], 'timestamp': '2025-07-14T16:41:02.209847', 'endpoint': 'edumentor'}, 'message': None}
2025-07-14 16:41:30,286 - INFO - mcp_bridge - [MCP_BRIDGE] Task ID: e8a15676-5e88-40de-be72-f16896781fc4 | Agent: 'vedas_agent' | Input: What is meant by buddhi
2025-07-14 16:41:32,374 - INFO - mcp_bridge - [MCP_BRIDGE] Task ID: e8a15676-5e88-40de-be72-f16896781fc4 | Agent 'vedas_agent' executed successfully.
2025-07-14 16:41:32,375 - INFO - __main__ - CLI task result: {'status': 'success', 'task_id': 'e8a15676-5e88-40de-be72-f16896781fc4', 'agent_output': {'query_id': '7804ac3d-fd5d-4781-9def-161446f6635e', 'query': 'What is meant by buddhi', 'response': "The ancient Vedic texts teach us to seek truth through self-reflection and righteous action. Regarding 'What is meant by buddhi', remember that true wisdom comes from understanding the interconnectedness of all existence. Practice mindfulness, act with compassion, and seek the divine within yourself.", 'sources': [], 'timestamp': '2025-07-14T16:41:32.373508', 'endpoint': 'ask-vedas'}, 'message': None}
2025-07-14 16:41:55,529 - INFO - mcp_bridge - [MCP_BRIDGE] Task ID: fc34992f-d7f7-4fb2-a38d-75c9e6a12d95 | Agent: 'vedas_agent' | Input: What is the concept of dharma in Vedic texts?
2025-07-14 16:42:10,539 - WARNING - __main__ - Attempt 1/3 failed: HTTPConnectionPool(host='localhost', port=8002): Read timed out. (read timeout=15)
2025-07-14 16:42:12,554 - ERROR - mcp_bridge - [MCP_BRIDGE] Task ID: fc34992f-d7f7-4fb2-a38d-75c9e6a12d95 | Agent 'vedas_agent' failed: HTTPConnectionPool(host='localhost', port=8001): Read timed out. (read timeout=15)
2025-07-14 16:42:14,600 - INFO - mcp_bridge - [MCP_BRIDGE] Task ID: 6f22ec79-0f62-4c1f-8ba7-c697a370f75d | Agent: 'vedas_agent' | Input: What is the concept of dharma in Vedic texts?
2025-07-14 16:42:29,606 - WARNING - __main__ - Attempt 2/3 failed: HTTPConnectionPool(host='localhost', port=8002): Read timed out. (read timeout=15)
2025-07-14 16:42:31,663 - ERROR - mcp_bridge - [MCP_BRIDGE] Task ID: 6f22ec79-0f62-4c1f-8ba7-c697a370f75d | Agent 'vedas_agent' failed: HTTPConnectionPool(host='localhost', port=8001): Read timed out. (read timeout=15)
2025-07-14 16:42:33,637 - INFO - mcp_bridge - [MCP_BRIDGE] Task ID: b490e95e-1451-4410-b664-e381c563e9e1 | Agent: 'vedas_agent' | Input: What is the concept of dharma in Vedic texts?
2025-07-14 16:42:43,645 - INFO - mcp_bridge - [MCP_BRIDGE] Task ID: b490e95e-1451-4410-b664-e381c563e9e1 | Agent 'vedas_agent' executed successfully.
2025-07-14 16:42:43,646 - INFO - __main__ - CLI task result: {'status': 'success', 'task_id': 'b490e95e-1451-4410-b664-e381c563e9e1', 'agent_output': {'query_id': '3f242b85-3f0f-4e89-8f9e-69b45cadc6dd', 'query': 'What is the concept of dharma in Vedic texts?', 'response': "The ancient Vedic texts teach us to seek truth through self-reflection and righteous action. Regarding 'What is the concept of dharma in Vedic texts?', remember that true wisdom comes from understanding the interconnectedness of all existence. Practice mindfulness, act with compassion, and seek the divine within yourself.", 'sources': [], 'timestamp': '2025-07-14T16:42:43.644544', 'endpoint': 'ask-vedas'}, 'message': None}
